[12:22:05] [main/WARN]: Ambiguity between arguments [teleport, destination] and [teleport, targets] with inputs: [Player, 0123, @e, dd12be42-52a9-4a91-a8a1-11c01849e498]
[12:22:05] [main/WARN]: Ambiguity between arguments [teleport, location] and [teleport, destination] with inputs: [0.1 -0.5 .9, 0 0 0]
[12:22:06] [main/WARN]: Ambiguity between arguments [teleport, location] and [teleport, targets] with inputs: [0.1 -0.5 .9, 0 0 0]
[12:22:06] [main/WARN]: Ambiguity between arguments [teleport, targets] and [teleport, destination] with inputs: [Player, 0123, dd12be42-52a9-4a91-a8a1-11c01849e498]
[12:22:06] [main/WARN]: Ambiguity between arguments [teleport, targets, location] and [teleport, targets, destination] with inputs: [0.1 -0.5 .9, 0 0 0]
[12:22:07] [main/INFO]: Loaded 0 recipes
[12:22:07] [main/INFO]: Loaded 0 advancements
[12:22:07] [Server thread/INFO]: Starting minecraft server version 1.13.2
[12:22:07] [Server thread/INFO]: Loading properties
[12:22:08] [Server thread/INFO]: Default game type: SURVIVAL
[12:22:08] [Server thread/INFO]: Generating keypair
[12:22:09] [Server thread/INFO]: Starting Minecraft server on *:25565
[12:22:09] [Server thread/INFO]: Using epoll channel type
[12:22:09] [Server thread/INFO]: Preparing level "world"
[12:22:09] [Server thread/INFO]: Reloading ResourceManager: Default
[12:22:10] [Server thread/INFO]: Loaded 524 recipes
[12:22:11] [Server thread/INFO]: Loaded 571 advancements
[12:22:11] [Server thread/INFO]: Preparing start region for dimension minecraft:overworld
[12:22:11] [Server thread/INFO]: Preparing spawn area: 4%
[12:22:12] [Server thread/INFO]: Preparing spawn area: 8%
[12:22:12] [Server thread/INFO]: Preparing spawn area: 12%
[12:22:13] [Server thread/INFO]: Preparing spawn area: 16%
[12:22:13] [Server thread/INFO]: Preparing spawn area: 20%
[12:22:13] [Server thread/INFO]: Preparing spawn area: 24%
[12:22:14] [Server thread/INFO]: Preparing spawn area: 28%
[12:22:14] [Server thread/INFO]: Preparing spawn area: 32%
[12:22:14] [Server thread/INFO]: Preparing spawn area: 36%
[12:22:14] [Server thread/INFO]: Preparing spawn area: 40%
[12:22:14] [Server thread/INFO]: Preparing spawn area: 44%
[12:22:14] [Server thread/INFO]: Preparing spawn area: 48%
[12:22:14] [Server thread/INFO]: Preparing spawn area: 52%
[12:22:14] [Server thread/INFO]: Preparing spawn area: 56%
[12:22:14] [Server thread/INFO]: Preparing spawn area: 60%
[12:22:14] [Server thread/INFO]: Preparing spawn area: 64%
[12:22:14] [Server thread/INFO]: Preparing spawn area: 68%
[12:22:14] [Server thread/INFO]: Preparing spawn area: 72%
[12:22:14] [Server thread/INFO]: Preparing spawn area: 76%
[12:22:14] [Server thread/INFO]: Preparing spawn area: 80%
[12:22:14] [Server thread/INFO]: Preparing spawn area: 84%
[12:22:14] [Server thread/INFO]: Preparing spawn area: 88%
[12:22:15] [Server thread/INFO]: Preparing spawn area: 92%
[12:22:15] [Server thread/INFO]: Preparing spawn area: 96%
[12:22:15] [Server thread/INFO]: Preparing spawn area: 100%
[12:22:15] [Server thread/INFO]: Time elapsed: 3483 ms
[12:22:15] [Server thread/INFO]: Done (5.292s)! For help, type "help"
[12:23:44] [User Authenticator #1/INFO]: UUID of player vfeng is 3ae8841d-11ca-4c48-bfd3-04cafae4bbb5
[12:23:44] [Server thread/INFO]: vfeng[/125.86.56.242:63980] logged in with entity id 76 at (-27.535914772995184, 66.0, 701.1436023404162)
[12:23:44] [Server thread/INFO]: vfeng joined the game
[12:23:46] [Server thread/WARN]: Can't keep up! Is the server overloaded? Running 2509ms or 50 ticks behind
[12:29:18] [User Authenticator #2/INFO]: UUID of player biglog168 is 671be65d-0fec-4b84-a1a3-4925834e415b
[12:29:19] [Server thread/INFO]: biglog168[/211.147.6.220:57184] logged in with entity id 5496 at (-52.30025369368377, 63.0, 704.7467408155823)
[12:29:19] [Server thread/INFO]: biglog168 joined the game
[12:30:53] [User Authenticator #3/INFO]: UUID of player Fensor is 2ec02af3-7e81-4f4e-8922-5b4839994d83
[12:30:54] [Server thread/INFO]: Fensor[/27.8.143.26:50193] logged in with entity id 8205 at (-5.4322709246633964, 66.0, 701.5690858444924)
[12:30:54] [Server thread/INFO]: Fensor joined the game
[12:31:02] [Server thread/INFO]: <vfeng> hei
[12:31:36] [Server thread/INFO]: <Fensor> 1
[12:33:47] [Server thread/INFO]: <Fensor> yang liu zhe
[12:34:04] [Server thread/INFO]: <vfeng> ?
[12:34:10] [Server thread/INFO]: <Fensor> 我要养羊
[12:34:12] [Server thread/INFO]: <Fensor> 白色的羊
[12:34:37] [Server thread/INFO]: Fensor lost connection: Disconnected
[12:34:37] [Server thread/INFO]: Fensor left the game
[13:19:39] [Server thread/INFO]: biglog168 lost connection: Timed out
[13:19:39] [Server thread/INFO]: biglog168 left the game
[13:31:00] [Server thread/INFO]: vfeng lost connection: Disconnected
[13:31:00] [Server thread/INFO]: vfeng left the game
[16:12:44] [User Authenticator #4/INFO]: UUID of player Fensor is 2ec02af3-7e81-4f4e-8922-5b4839994d83
[16:12:44] [Server thread/INFO]: Fensor[/27.10.34.254:61591] logged in with entity id 84513 at (29.428003447687182, 64.0, 705.0672938042633)
[16:12:44] [Server thread/INFO]: Fensor joined the game
[16:13:57] [Server thread/INFO]: Fensor lost connection: Disconnected
[16:13:57] [Server thread/INFO]: Fensor left the game
[17:20:31] [User Authenticator #5/INFO]: UUID of player Fensor is 2ec02af3-7e81-4f4e-8922-5b4839994d83
[17:20:31] [Server thread/INFO]: Fensor[/27.10.34.254:64315] logged in with entity id 86666 at (29.494401725911487, 64.0, 706.7749054989529)
[17:20:31] [Server thread/INFO]: Fensor joined the game
[17:39:27] [Server thread/INFO]: Fensor lost connection: Disconnected
[17:39:27] [Server thread/INFO]: Fensor left the game
[17:39:36] [User Authenticator #6/INFO]: UUID of player Fensor is 2ec02af3-7e81-4f4e-8922-5b4839994d83
[17:39:36] [Server thread/INFO]: Fensor[/27.10.34.254:64819] logged in with entity id 131596 at (7.300000011920927, 64.0, 733.4573209844625)
[17:39:36] [Server thread/INFO]: Fensor joined the game
[17:40:36] [Server thread/INFO]: Fensor lost connection: Disconnected
[17:40:36] [Server thread/INFO]: Fensor left the game
[17:42:16] [User Authenticator #7/INFO]: UUID of player vfeng is 3ae8841d-11ca-4c48-bfd3-04cafae4bbb5
[17:42:16] [Server thread/INFO]: vfeng[/125.86.56.242:55039] logged in with entity id 133245 at (-13.175087974974247, 66.0, 699.3318307318583)
[17:42:16] [Server thread/INFO]: vfeng joined the game
[17:43:18] [Server thread/INFO]: vfeng lost connection: Disconnected
[17:43:18] [Server thread/INFO]: vfeng left the game
[18:03:28] [User Authenticator #8/INFO]: UUID of player vfeng is 3ae8841d-11ca-4c48-bfd3-04cafae4bbb5
[18:03:28] [Server thread/INFO]: vfeng[/125.86.56.242:56660] logged in with entity id 134353 at (-15.757833800756202, 66.0, 697.4099744727553)
[18:03:28] [Server thread/INFO]: vfeng joined the game
[18:04:32] [User Authenticator #9/INFO]: UUID of player Fensor is 2ec02af3-7e81-4f4e-8922-5b4839994d83
[18:04:32] [Server thread/INFO]: Fensor[/27.10.34.254:2323] logged in with entity id 135764 at (-10.908808812017826, 66.0, 699.7962612052008)
[18:04:32] [Server thread/INFO]: Fensor joined the game
[18:04:39] [Server thread/INFO]: <vfeng> hei
[18:04:48] [Server thread/INFO]: <Fensor> 1
[18:05:02] [Server thread/INFO]: <Fensor> 那个刷怪塔，好像还是比较复杂的。。高度不好掌握。
[18:06:54] [Server thread/INFO]: vfeng lost connection: Disconnected
[18:06:54] [Server thread/INFO]: vfeng left the game
[18:17:42] [Server thread/INFO]: Fensor lost connection: Disconnected
[18:17:42] [Server thread/INFO]: Fensor left the game
[18:22:38] [User Authenticator #10/INFO]: UUID of player Fensor is 2ec02af3-7e81-4f4e-8922-5b4839994d83
[18:22:38] [Server thread/INFO]: Fensor[/27.10.34.254:3166] logged in with entity id 153571 at (30.336431639804605, 64.0, 705.981882720614)
[18:22:38] [Server thread/INFO]: Fensor joined the game
[18:45:24] [User Authenticator #11/INFO]: UUID of player vfeng is 3ae8841d-11ca-4c48-bfd3-04cafae4bbb5
[18:45:24] [Server thread/INFO]: vfeng[/125.86.56.242:59850] logged in with entity id 193724 at (-10.300000011920922, 67.0, 703.4399444319329)
[18:45:24] [Server thread/INFO]: vfeng joined the game
[18:57:10] [Server thread/INFO]: <Fensor> 这种小麦，是最效率的。
[18:58:41] [Server thread/INFO]: <Fensor> zzzzz
[18:59:26] [Server thread/INFO]: <Fensor> 你可以做点装备架。。。
[19:00:13] [Server thread/WARN]: Horse moved wrongly!
[19:10:12] [Server thread/INFO]: <Fensor> zzzzzzzzzz
[19:10:15] [Server thread/INFO]: vfeng lost connection: Disconnected
[19:10:15] [Server thread/INFO]: vfeng left the game
[19:10:29] [User Authenticator #12/INFO]: UUID of player vfeng is 3ae8841d-11ca-4c48-bfd3-04cafae4bbb5
[19:10:29] [Server thread/INFO]: vfeng[/125.86.56.242:61475] logged in with entity id 256370 at (-66.62616566043786, 50.0, 719.6999999880791)
[19:10:29] [Server thread/INFO]: vfeng joined the game
[19:11:51] [Server thread/WARN]: Can't keep up! Is the server overloaded? Running 4082ms or 81 ticks behind
[19:11:51] [Server thread/WARN]: Horse (vehicle of Fensor) moved too quickly! 8.529426105327786,0.0,5.550374799795804
[19:11:51] [Server thread/WARN]: Horse (vehicle of Fensor) moved too quickly! 8.77247448321856,0.0,5.886583815135737
[19:11:51] [Server thread/WARN]: Horse (vehicle of Fensor) moved too quickly! 9.005552883371763,0.0,6.23003780553131
[19:11:51] [Server thread/WARN]: Horse (vehicle of Fensor) moved too quickly! 9.232872795446099,0.0,6.577634631973524
[19:11:51] [Server thread/WARN]: Horse (vehicle of Fensor) moved too quickly! 9.457111455361257,0.0,6.927448207385055
[19:11:51] [Server thread/WARN]: Horse (vehicle of Fensor) moved too quickly! 9.679701398679583,0.0,7.278447920972894
[19:11:51] [Server thread/WARN]: Horse (vehicle of Fensor) moved too quickly! 9.901409146618846,0.0,7.630082313449748
[19:11:51] [Server thread/WARN]: Horse (vehicle of Fensor) moved too quickly! 10.12264484939982,0.0,7.982056309946074
[19:11:51] [Server thread/WARN]: Horse (vehicle of Fensor) moved too quickly! 10.34362797022817,0.0,8.334212021782264
[19:11:51] [Server thread/WARN]: Horse (vehicle of Fensor) moved too quickly! 10.564475939489569,0.0,8.68646496587371
[19:11:51] [Server thread/WARN]: Horse (vehicle of Fensor) moved too quickly! 10.785251591842155,0.0,9.03876993700635
[19:11:51] [Server thread/WARN]: Horse (vehicle of Fensor) moved too quickly! 11.005988548858681,0.0,9.39110274677148
[19:11:51] [Server thread/WARN]: Horse (vehicle of Fensor) moved too quickly! 11.226704800772382,0.0,9.743450452433763
[19:11:51] [Server thread/WARN]: Horse (vehicle of Fensor) moved too quickly! 11.447409973798358,0.0,10.095806128593722
[19:11:51] [Server thread/WARN]: Horse (vehicle of Fensor) moved too quickly! 11.668109218732411,0.0,10.448166069607964
[19:11:51] [Server thread/WARN]: Horse (vehicle of Fensor) moved too quickly! 11.88880529166272,0.0,10.800528292660715
[19:11:51] [Server thread/WARN]: Horse (vehicle of Fensor) moved too quickly! 12.109499667317039,0.0,11.152891736786842
[19:11:51] [Server thread/WARN]: Horse (vehicle of Fensor) moved too quickly! 12.330193134792808,0.0,11.50525583428498
[19:11:51] [Server thread/WARN]: Horse (vehicle of Fensor) moved too quickly! 12.550886116320328,0.0,11.857620281389359
[19:11:51] [Server thread/WARN]: Horse (vehicle of Fensor) moved too quickly! 12.771578837826667,0.0,12.209984915561108
[19:11:51] [Server thread/WARN]: Horse (vehicle of Fensor) moved too quickly! 12.992271420200836,0.0,12.562349649828889
[19:11:51] [Server thread/WARN]: Horse (vehicle of Fensor) moved too quickly! 13.212963928128147,0.0,12.91471443765613
[19:11:51] [Server thread/WARN]: Horse (vehicle of Fensor) moved too quickly! 13.433656396220442,0.0,13.26707925414189
[19:11:51] [Server thread/WARN]: Horse (vehicle of Fensor) moved too quickly! 13.65434884299782,0.0,13.6194440859623
[19:11:51] [Server thread/WARN]: Horse (vehicle of Fensor) moved too quickly! 13.875041278369963,0.0,13.971808925987943
[19:11:51] [Server thread/WARN]: Horse (vehicle of Fensor) moved too quickly! 14.095733707639454,0.0,14.324173770404059
[19:11:51] [Server thread/WARN]: Horse (vehicle of Fensor) moved too quickly! 14.316426133643517,0.0,14.676538617169399
[19:11:51] [Server thread/WARN]: Horse (vehicle of Fensor) moved too quickly! 14.537118557900271,0.0,15.028903465191775
[19:11:51] [Server thread/WARN]: Horse (vehicle of Fensor) moved too quickly! 14.757810981222121,0.0,15.381268313886721
[19:11:51] [Server thread/WARN]: Horse (vehicle of Fensor) moved too quickly! 14.978503404043693,0.0,15.7336331629416
[19:11:51] [Server thread/WARN]: Horse (vehicle of Fensor) moved too quickly! 15.199195826597588,0.0,16.085998012189066
[19:11:51] [Server thread/WARN]: Horse (vehicle of Fensor) moved too quickly! 15.419888249008238,0.0,16.43836286153953
[19:11:51] [Server thread/WARN]: Horse (vehicle of Fensor) moved too quickly! 15.640580671342263,0.0,16.790727710945134
[19:11:51] [Server thread/WARN]: Horse (vehicle of Fensor) moved too quickly! 15.861273093635305,0.0,17.143092560380296
[19:11:51] [Server thread/WARN]: Horse (vehicle of Fensor) moved too quickly! 16.081965515906404,0.0,17.49545740983126
[19:11:51] [Server thread/WARN]: Horse (vehicle of Fensor) moved too quickly! 16.302657938165737,0.0,17.847822259290638
[19:11:51] [Server thread/WARN]: Horse (vehicle of Fensor) moved too quickly! 16.523350360418817,0.0,18.200187108754562
[19:11:51] [Server thread/WARN]: Horse (vehicle of Fensor) moved too quickly! 16.744042782668544,0.0,18.552551958220874
[19:11:51] [Server thread/WARN]: Horse (vehicle of Fensor) moved too quickly! 16.96473520491645,0.0,18.90491680768855
[19:11:51] [Server thread/WARN]: Horse (vehicle of Fensor) moved too quickly! 17.185427627163392,0.0,19.25728165715691
[19:11:51] [Server thread/WARN]: Horse (vehicle of Fensor) moved too quickly! 17.40612004940982,0.0,19.60964650662561
[19:11:51] [Server thread/WARN]: Horse (vehicle of Fensor) moved too quickly! 17.626812471655967,0.0,19.962011356094536
[19:11:51] [Server thread/WARN]: Horse (vehicle of Fensor) moved too quickly! 17.84750489390194,0.0,20.314376205563576
[19:11:51] [Server thread/WARN]: Horse (vehicle of Fensor) moved too quickly! 18.06819731614786,0.0,20.666741055032617
[19:11:51] [Server thread/WARN]: Horse (vehicle of Fensor) moved too quickly! 18.28888973839372,0.0,21.019105904501657
[19:11:51] [Server thread/WARN]: Horse (vehicle of Fensor) moved too quickly! 18.50958216063958,0.0,21.371470753970698
[19:11:51] [Server thread/WARN]: Horse (vehicle of Fensor) moved too quickly! 18.730274582885443,0.0,21.723835603439852
[19:11:51] [Server thread/WARN]: Horse (vehicle of Fensor) moved too quickly! 18.950967005131304,0.0,22.076200452909006
[19:11:51] [Server thread/WARN]: Horse (vehicle of Fensor) moved too quickly! 19.171659427377165,0.0,22.42856530237816
[19:11:51] [Server thread/WARN]: Horse (vehicle of Fensor) moved too quickly! 19.392351849623026,0.0,22.780930151847315
[19:11:51] [Server thread/WARN]: Horse (vehicle of Fensor) moved too quickly! 19.613044271868887,1.0,23.13329500131647
[19:11:51] [Server thread/WARN]: Horse (vehicle of Fensor) moved too quickly! 19.83373669411469,1.0,23.485659850785623
[19:11:51] [Server thread/WARN]: Horse (vehicle of Fensor) moved too quickly! 20.054429116360495,0.9231679985046384,23.838024700254778
[19:11:51] [Server thread/WARN]: Horse (vehicle of Fensor) moved too quickly! 20.182777664330615,0.7725465413369932,23.865856452387902
[19:11:51] [Server thread/WARN]: Horse (vehicle of Fensor) moved too quickly! 20.30749933566773,0.5510576895623984,23.865856452387902
[19:11:51] [Server thread/WARN]: Horse (vehicle of Fensor) moved too quickly! 20.428986558330337,0.26150779068264285,23.865856452387902
[19:11:51] [Server thread/WARN]: Horse (vehicle of Fensor) moved too quickly! 20.54758929958183,1.0,23.88223860087726
[19:11:51] [Server thread/WARN]: Horse (vehicle of Fensor) moved too quickly! 20.75596353451249,1.0,24.06066964523643
[19:11:51] [Server thread/WARN]: Horse (vehicle of Fensor) moved too quickly! 20.97006474032412,0.9231679985046384,24.319965983457223
[19:11:51] [Server thread/WARN]: Horse (vehicle of Fensor) moved too quickly! 12.827141416404345,0.7725465413369932,19.24738666505482
[19:12:13] [Server thread/WARN]: Can't keep up! Is the server overloaded? Running 2057ms or 41 ticks behind
[19:12:37] [Server thread/WARN]: Can't keep up! Is the server overloaded? Running 2073ms or 41 ticks behind
[19:12:53] [Server thread/INFO]: <vfeng> 你卡不卡
[19:12:56] [Server thread/WARN]: Can't keep up! Is the server overloaded? Running 3271ms or 65 ticks behind
[19:12:56] [Server thread/INFO]: <Fensor> bu ka
[19:14:47] [Server thread/INFO]: <Fensor> 我有胡萝卜了
[19:19:46] [Server thread/INFO]: <Fensor> 胡萝卜
[19:19:55] [Server thread/INFO]: <vfeng> en
[19:20:06] [Server thread/INFO]: <Fensor> 种一路
[19:21:09] [Server thread/INFO]: <vfeng> 打僵尸不
[19:21:21] [Server thread/INFO]: <vfeng> 升级
[19:21:27] [Server thread/INFO]: <Fensor> zou
[19:22:12] [Server thread/INFO]: <vfeng> z
[19:23:05] [Server thread/INFO]: <vfeng> nvwu
[19:23:09] [Server thread/INFO]: <Fensor> sha?
[19:23:31] [Server thread/INFO]: Fensor lost connection: Disconnected
[19:23:31] [Server thread/INFO]: Fensor left the game
[19:43:45] [Server thread/WARN]: Can't keep up! Is the server overloaded? Running 2220ms or 44 ticks behind
[19:44:14] [Server thread/WARN]: Can't keep up! Is the server overloaded? Running 2154ms or 43 ticks behind
[19:45:57] [Server thread/INFO]: vfeng has made the advancement [Take Aim]
[19:49:47] [Server thread/WARN]: Can't keep up! Is the server overloaded? Running 2100ms or 42 ticks behind
[19:49:59] [Server thread/INFO]: vfeng lost connection: Disconnected
[19:49:59] [Server thread/INFO]: vfeng left the game
[19:55:31] [User Authenticator #13/INFO]: UUID of player Fensor is 2ec02af3-7e81-4f4e-8922-5b4839994d83
[19:55:31] [Server thread/INFO]: Fensor[/27.10.34.254:7268] logged in with entity id 351550 at (29.607708508780682, 64.0, 706.4049532234189)
[19:55:31] [Server thread/INFO]: Fensor joined the game
[20:10:54] [User Authenticator #14/INFO]: UUID of player vfeng is 3ae8841d-11ca-4c48-bfd3-04cafae4bbb5
[20:10:54] [Server thread/INFO]: vfeng[/125.86.56.242:65500] logged in with entity id 382415 at (10.550453928002835, 70.0, 663.8998102539313)
[20:10:54] [Server thread/INFO]: vfeng joined the game
[20:15:18] [Server thread/INFO]: <Fensor> zzz
[20:15:23] [Server thread/INFO]: vfeng lost connection: Disconnected
[20:15:23] [Server thread/INFO]: vfeng left the game
[20:15:36] [User Authenticator #15/INFO]: UUID of player vfeng is 3ae8841d-11ca-4c48-bfd3-04cafae4bbb5
[20:15:37] [Server thread/INFO]: vfeng[/125.86.56.242:49430] logged in with entity id 388250 at (7.905281310945725, 67.0, 131.69999998807904)
[20:15:37] [Server thread/INFO]: vfeng joined the game
[20:24:00] [Server thread/INFO]: <Fensor> 黑囊有吗？
[20:24:09] [Server thread/INFO]: <vfeng> woqu sha?
[20:24:20] [Server thread/INFO]: <Fensor> 哪来的黑囊？
[20:24:26] [Server thread/INFO]: <vfeng> monang?
[20:24:30] [Server thread/INFO]: <Fensor> dui
[20:24:40] [Server thread/INFO]: <vfeng> 章鱼
[20:25:33] [Server thread/INFO]: <Fensor> suanle
[20:25:48] [Server thread/INFO]: <Fensor> 感觉这个箱子不是很方便。也没有严格的分类。
[20:25:55] [Server thread/INFO]: <vfeng> 你分吧
[20:25:57] [Server thread/INFO]: <Fensor> 考虑下再操作。。
[20:26:23] [Server thread/INFO]: <Fensor> 路过，都喂下羊
[20:26:27] [Server thread/INFO]: <Fensor> 羊毛有用。
[20:26:39] [Server thread/INFO]: <vfeng> 你要多少魔狼
[20:26:50] [Server thread/INFO]: <Fensor> 不多。。10来个吧。
[20:29:33] [Server thread/INFO]: <vfeng> 15
[20:29:37] [Server thread/INFO]: <Fensor> goule
[20:31:00] [Server thread/INFO]: <vfeng> zoule
[20:31:04] [Server thread/INFO]: <vfeng> xia ban le
[20:31:31] [Server thread/INFO]: <vfeng> geiwo yitriao
[20:31:36] [Server thread/INFO]: <Fensor> sha?
[20:31:41] [Server thread/INFO]: <vfeng> kuzi
[20:31:56] [Server thread/INFO]: vfeng lost connection: Disconnected
[20:31:56] [Server thread/INFO]: vfeng left the game
[21:17:15] [Server thread/INFO]: Fensor lost connection: Disconnected
[21:17:15] [Server thread/INFO]: Fensor left the game
[21:20:10] [User Authenticator #16/INFO]: UUID of player Fensor is 2ec02af3-7e81-4f4e-8922-5b4839994d83
[21:20:11] [Server thread/INFO]: Fensor[/27.10.34.254:12411] logged in with entity id 504947 at (30.090752878623373, 64.0, 704.9576664724968)
[21:20:11] [Server thread/INFO]: Fensor joined the game
[21:33:04] [Server thread/INFO]: Fensor lost connection: Disconnected
[21:33:04] [Server thread/INFO]: Fensor left the game
[07:13:48] [User Authenticator #17/INFO]: UUID of player Fensor is 2ec02af3-7e81-4f4e-8922-5b4839994d83
[07:13:48] [Server thread/INFO]: Fensor[/27.10.34.254:19158] logged in with entity id 533405 at (38.6031313637579, 85.0, 698.4552020361529)
[07:13:48] [Server thread/INFO]: Fensor joined the game
[08:15:00] [Server thread/INFO]: Fensor lost connection: Disconnected
[08:15:00] [Server thread/INFO]: Fensor left the game
[08:24:07] [User Authenticator #18/INFO]: UUID of player Fensor is 2ec02af3-7e81-4f4e-8922-5b4839994d83
[08:24:07] [Server thread/INFO]: Fensor[/27.10.34.254:21352] logged in with entity id 646198 at (36.309056431816146, 83.0, 709.6999999880791)
[08:24:07] [Server thread/INFO]: Fensor joined the game
[08:51:34] [Server thread/INFO]: Fensor lost connection: Disconnected
[08:51:34] [Server thread/INFO]: Fensor left the game
[09:04:05] [User Authenticator #19/INFO]: UUID of player Fensor is 2ec02af3-7e81-4f4e-8922-5b4839994d83
[09:04:05] [Server thread/INFO]: Fensor[/27.10.34.254:22545] logged in with entity id 697126 at (-13.044210064295328, 66.0, 712.5470581839197)
[09:04:05] [Server thread/INFO]: Fensor joined the game
[09:19:05] [Server thread/INFO]: Fensor lost connection: Disconnected
[09:19:05] [Server thread/INFO]: Fensor left the game
[10:09:07] [User Authenticator #20/INFO]: UUID of player Fensor is 2ec02af3-7e81-4f4e-8922-5b4839994d83
[10:09:07] [Server thread/INFO]: Fensor[/27.10.34.254:25901] logged in with entity id 727066 at (35.22644863408368, 76.0, 700.2627661698458)
[10:09:07] [Server thread/INFO]: Fensor joined the game
[10:12:06] [Server thread/INFO]: Fensor lost connection: Disconnected
[10:12:06] [Server thread/INFO]: Fensor left the game
[10:31:54] [User Authenticator #21/INFO]: UUID of player Fensor is 2ec02af3-7e81-4f4e-8922-5b4839994d83
[10:31:54] [Server thread/INFO]: Fensor[/27.10.34.254:26792] logged in with entity id 733303 at (34.468632293667234, 76.0, 704.0226542399421)
[10:31:54] [Server thread/INFO]: Fensor joined the game
[10:40:06] [Server thread/INFO]: Fensor lost connection: Disconnected
[10:40:06] [Server thread/INFO]: Fensor left the game
[10:45:55] [User Authenticator #22/INFO]: UUID of player Fensor is 2ec02af3-7e81-4f4e-8922-5b4839994d83
[10:45:55] [Server thread/INFO]: Fensor[/27.10.34.254:27502] logged in with entity id 746493 at (34.27314978705334, 76.0, 703.5102240559771)
[10:45:55] [Server thread/INFO]: Fensor joined the game
[11:02:48] [Server thread/INFO]: Fensor lost connection: Disconnected
[11:02:48] [Server thread/INFO]: Fensor left the game
[11:04:50] [User Authenticator #23/INFO]: UUID of player Fensor is 2ec02af3-7e81-4f4e-8922-5b4839994d83
[11:04:50] [Server thread/INFO]: Fensor[/27.10.34.254:28133] logged in with entity id 779283 at (32.92500001192093, 77.0, 699.0986452951413)
[11:04:50] [Server thread/INFO]: Fensor joined the game
[11:07:00] [Server thread/INFO]: Fensor lost connection: Disconnected
[11:07:00] [Server thread/INFO]: Fensor left the game
[11:15:45] [User Authenticator #24/INFO]: UUID of player Fensor is 2ec02af3-7e81-4f4e-8922-5b4839994d83
[11:15:45] [Server thread/INFO]: Fensor[/27.10.34.254:28626] logged in with entity id 785451 at (-23.022361144026334, 71.0, 699.397457807383)
[11:15:45] [Server thread/INFO]: Fensor joined the game
[11:26:15] [Server thread/INFO]: Fensor lost connection: Disconnected
[11:26:15] [Server thread/INFO]: Fensor left the game
[12:49:26] [User Authenticator #25/INFO]: UUID of player Fensor is 2ec02af3-7e81-4f4e-8922-5b4839994d83
[12:49:27] [Server thread/INFO]: Fensor[/27.10.34.254:33177] logged in with entity id 800316 at (34.26190657215062, 76.0, 700.2566440758078)
[12:49:27] [Server thread/INFO]: Fensor joined the game
[13:22:30] [Server thread/INFO]: Fensor lost connection: Disconnected
[13:22:30] [Server thread/INFO]: Fensor left the game
[21:06:00] [User Authenticator #26/INFO]: UUID of player Fensor is 2ec02af3-7e81-4f4e-8922-5b4839994d83
[21:06:01] [Server thread/INFO]: Fensor[/27.8.128.187:44402] logged in with entity id 876417 at (-11.723219629615802, 70.0625, 701.8060892580487)
[21:06:01] [Server thread/INFO]: Fensor joined the game
[21:14:52] [Server thread/INFO]: Fensor lost connection: Disconnected
[21:14:52] [Server thread/INFO]: Fensor left the game
[08:46:58] [User Authenticator #27/INFO]: UUID of player Fensor is 2ec02af3-7e81-4f4e-8922-5b4839994d83
[08:46:58] [Server thread/INFO]: Fensor[/27.8.128.187:59372] logged in with entity id 891022 at (35.64778623352822, 88.0, 711.0546480000262)
[08:46:58] [Server thread/INFO]: Fensor joined the game
[08:48:00] [Server thread/INFO]: Fensor lost connection: Disconnected
[08:48:00] [Server thread/INFO]: Fensor left the game
[09:05:20] [Server thread/WARN]: The save is being accessed from another location, aborting
[09:06:05] [Server thread/WARN]: The save is being accessed from another location, aborting
[09:06:50] [Server thread/WARN]: The save is being accessed from another location, aborting
[09:07:35] [Server thread/WARN]: The save is being accessed from another location, aborting
