[12:22:05] [main/WARN]: Ambiguity between arguments [teleport, destination] and [teleport, targets] with inputs: [Player, 0123, @e, dd12be42-52a9-4a91-a8a1-11c01849e498]
[12:22:05] [main/WARN]: Ambiguity between arguments [teleport, location] and [teleport, destination] with inputs: [0.1 -0.5 .9, 0 0 0]
[12:22:06] [main/WARN]: Ambiguity between arguments [teleport, location] and [teleport, targets] with inputs: [0.1 -0.5 .9, 0 0 0]
[12:22:06] [main/WARN]: Ambiguity between arguments [teleport, targets] and [teleport, destination] with inputs: [Player, 0123, dd12be42-52a9-4a91-a8a1-11c01849e498]
[12:22:06] [main/WARN]: Ambiguity between arguments [teleport, targets, location] and [teleport, targets, destination] with inputs: [0.1 -0.5 .9, 0 0 0]
[12:22:07] [main/INFO]: Loaded 0 recipes
[12:22:07] [main/INFO]: Loaded 0 advancements
[12:22:07] [Server thread/INFO]: Starting minecraft server version 1.13.2
[12:22:07] [Server thread/INFO]: Loading properties
[12:22:08] [Server thread/INFO]: Default game type: SURVIVAL
[12:22:08] [Server thread/INFO]: Generating keypair
[12:22:09] [Server thread/INFO]: Starting Minecraft server on *:25565
[12:22:09] [Server thread/INFO]: Using epoll channel type
[12:22:09] [Server thread/INFO]: Preparing level "world"
[12:22:09] [Server thread/INFO]: Reloading ResourceManager: Default
[12:22:10] [Server thread/INFO]: Loaded 524 recipes
[12:22:11] [Server thread/INFO]: Loaded 571 advancements
[12:22:11] [Server thread/INFO]: Preparing start region for dimension minecraft:overworld
[12:22:11] [Server thread/INFO]: Preparing spawn area: 4%
[12:22:12] [Server thread/INFO]: Preparing spawn area: 8%
[12:22:12] [Server thread/INFO]: Preparing spawn area: 12%
[12:22:13] [Server thread/INFO]: Preparing spawn area: 16%
[12:22:13] [Server thread/INFO]: Preparing spawn area: 20%
[12:22:13] [Server thread/INFO]: Preparing spawn area: 24%
[12:22:14] [Server thread/INFO]: Preparing spawn area: 28%
[12:22:14] [Server thread/INFO]: Preparing spawn area: 32%
[12:22:14] [Server thread/INFO]: Preparing spawn area: 36%
[12:22:14] [Server thread/INFO]: Preparing spawn area: 40%
[12:22:14] [Server thread/INFO]: Preparing spawn area: 44%
[12:22:14] [Server thread/INFO]: Preparing spawn area: 48%
[12:22:14] [Server thread/INFO]: Preparing spawn area: 52%
[12:22:14] [Server thread/INFO]: Preparing spawn area: 56%
[12:22:14] [Server thread/INFO]: Preparing spawn area: 60%
[12:22:14] [Server thread/INFO]: Preparing spawn area: 64%
[12:22:14] [Server thread/INFO]: Preparing spawn area: 68%
[12:22:14] [Server thread/INFO]: Preparing spawn area: 72%
[12:22:14] [Server thread/INFO]: Preparing spawn area: 76%
[12:22:14] [Server thread/INFO]: Preparing spawn area: 80%
[12:22:14] [Server thread/INFO]: Preparing spawn area: 84%
[12:22:14] [Server thread/INFO]: Preparing spawn area: 88%
[12:22:15] [Server thread/INFO]: Preparing spawn area: 92%
[12:22:15] [Server thread/INFO]: Preparing spawn area: 96%
[12:22:15] [Server thread/INFO]: Preparing spawn area: 100%
[12:22:15] [Server thread/INFO]: Time elapsed: 3483 ms
[12:22:15] [Server thread/INFO]: Done (5.292s)! For help, type "help"
[12:23:44] [User Authenticator #1/INFO]: UUID of player vfeng is 3ae8841d-11ca-4c48-bfd3-04cafae4bbb5
[12:23:44] [Server thread/INFO]: vfeng[/125.86.56.242:63980] logged in with entity id 76 at (-27.535914772995184, 66.0, 701.1436023404162)
[12:23:44] [Server thread/INFO]: vfeng joined the game
[12:23:46] [Server thread/WARN]: Can't keep up! Is the server overloaded? Running 2509ms or 50 ticks behind
[12:29:18] [User Authenticator #2/INFO]: UUID of player biglog168 is 671be65d-0fec-4b84-a1a3-4925834e415b
[12:29:19] [Server thread/INFO]: biglog168[/211.147.6.220:57184] logged in with entity id 5496 at (-52.30025369368377, 63.0, 704.7467408155823)
[12:29:19] [Server thread/INFO]: biglog168 joined the game
[12:30:53] [User Authenticator #3/INFO]: UUID of player Fensor is 2ec02af3-7e81-4f4e-8922-5b4839994d83
[12:30:54] [Server thread/INFO]: Fensor[/27.8.143.26:50193] logged in with entity id 8205 at (-5.4322709246633964, 66.0, 701.5690858444924)
[12:30:54] [Server thread/INFO]: Fensor joined the game
[12:31:02] [Server thread/INFO]: <vfeng> hei
[12:31:36] [Server thread/INFO]: <Fensor> 1
[12:33:47] [Server thread/INFO]: <Fensor> yang liu zhe
[12:34:04] [Server thread/INFO]: <vfeng> ?
[12:34:10] [Server thread/INFO]: <Fensor> 我要养羊
[12:34:12] [Server thread/INFO]: <Fensor> 白色的羊
[12:34:37] [Server thread/INFO]: Fensor lost connection: Disconnected
[12:34:37] [Server thread/INFO]: Fensor left the game
[13:19:39] [Server thread/INFO]: biglog168 lost connection: Timed out
[13:19:39] [Server thread/INFO]: biglog168 left the game
[13:31:00] [Server thread/INFO]: vfeng lost connection: Disconnected
[13:31:00] [Server thread/INFO]: vfeng left the game
